<?xml version="1.0" encoding="UTF-8"?>
<testsuite xmlns:xsi="http://www.w3.org/2001/XMLSchema-instance" xsi:noNamespaceSchemaLocation="https://maven.apache.org/surefire/maven-surefire-plugin/xsd/surefire-test-report-3.0.xsd" version="3.0" name="info.liuyyang.FoodAppDemo.FoodAppDemoApplicationTests" time="3.697" tests="1" errors="0" skipped="0" failures="0">
  <properties>
[...]
</properties>
  <testcase name="contextLoads" classname="info.liuyyang.FoodAppDemo.FoodAppDemoApplicationTests" time="1.209">
    <system-out><![CDATA[04:17:28.925 [main] INFO org.springframework.test.context.support.AnnotationConfigContextLoaderUtils -- Could not detect default configuration classes for test class [info.liuyyang.FoodAppDemo.FoodAppDemoApplicationTests]: FoodAppDemoApplicationTests does not declare any static, non-private, non-final, nested classes annotated with @Configuration.
04:17:29.072 [main] INFO org.springframework.boot.test.context.SpringBootTestContextBootstrapper -- Found @SpringBootConfiguration info.liuyyang.FoodAppDemo.FoodAppDemoApplication for test class info.liuyyang.FoodAppDemo.FoodAppDemoApplicationTests
04:17:29.225 [main] INFO org.springframework.boot.devtools.restart.RestartApplicationListener -- Restart disabled due to context in which it is running

  .   ____          _            __ _ _
 /\\ / ___'_ __ _ _(_)_ __  __ _ \ \ \ \
( ( )\___ | '_ | '_| | '_ \/ _` | \ \ \ \
 \\/  ___)| |_)| | | | | || (_| |  ) ) ) )
  '  |____| .__|_| |_|_| |_\__, | / / / /
 =========|_|==============|___/=/_/_/_/
 :: Spring Boot ::                (v3.2.4)

2024-04-20T04:17:29.473-07:00  INFO 25799 --- [FoodAppDemo] [           main] i.l.F.FoodAppDemoApplicationTests        : Starting FoodAppDemoApplicationTests using Java 21.0.1 with PID 25799 (started by zhaoxiaofeng in /Users/zhaoxiaofeng/Documents/NEU/CS5004/GroupProject/OnKitchen/FoodAppDemo)
2024-04-20T04:17:29.474-07:00  INFO 25799 --- [FoodAppDemo] [           main] i.l.F.FoodAppDemoApplicationTests        : No active profile set, falling back to 1 default profile: "default"
2024-04-20T04:17:29.989-07:00  INFO 25799 --- [FoodAppDemo] [           main] .s.d.r.c.RepositoryConfigurationDelegate : Bootstrapping Spring Data MongoDB repositories in DEFAULT mode.
2024-04-20T04:17:30.026-07:00  INFO 25799 --- [FoodAppDemo] [           main] .s.d.r.c.RepositoryConfigurationDelegate : Finished Spring Data repository scanning in 34 ms. Found 4 MongoDB repository interfaces.
2024-04-20T04:17:30.357-07:00  INFO 25799 --- [FoodAppDemo] [           main] org.mongodb.driver.client                : MongoClient with metadata {"driver": {"name": "mongo-java-driver|sync|spring-boot", "version": "4.11.1"}, "os": {"type": "Darwin", "name": "Mac OS X", "architecture": "aarch64", "version": "14.2.1"}, "platform": "Java/Oracle Corporation/21.0.1+12-LTS-29"} created with settings MongoClientSettings{readPreference=primary, writeConcern=WriteConcern{w=null, wTimeout=null ms, journal=null}, retryWrites=true, retryReads=true, readConcern=ReadConcern{level=null}, credential=MongoCredential{mechanism=null, userName='shanks', source='admin', password=<hidden>, mechanismProperties=<hidden>}, transportSettings=null, streamFactoryFactory=null, commandListeners=[], codecRegistry=ProvidersCodecRegistry{codecProviders=[ValueCodecProvider{}, BsonValueCodecProvider{}, DBRefCodecProvider{}, DBObjectCodecProvider{}, DocumentCodecProvider{}, CollectionCodecProvider{}, IterableCodecProvider{}, MapCodecProvider{}, GeoJsonCodecProvider{}, GridFSFileCodecProvider{}, Jsr310CodecProvider{}, JsonObjectCodecProvider{}, BsonCodecProvider{}, EnumCodecProvider{}, com.mongodb.client.model.mql.ExpressionCodecProvider@65fe2691, com.mongodb.Jep395RecordCodecProvider@479111ba, com.mongodb.KotlinCodecProvider@57ad1178]}, loggerSettings=LoggerSettings{maxDocumentLength=1000}, clusterSettings={hosts=[127.0.0.1:27017], srvHost=cluster0.lphdzmz.mongodb.net, srvServiceName=mongodb, mode=MULTIPLE, requiredClusterType=REPLICA_SET, requiredReplicaSetName='atlas-9aj3w0-shard-0', serverSelector='null', clusterListeners='[]', serverSelectionTimeout='30000 ms', localThreshold='15 ms'}, socketSettings=SocketSettings{connectTimeoutMS=10000, readTimeoutMS=0, receiveBufferSize=0, proxySettings=ProxySettings{host=null, port=null, username=null, password=null}}, heartbeatSocketSettings=SocketSettings{connectTimeoutMS=10000, readTimeoutMS=10000, receiveBufferSize=0, proxySettings=ProxySettings{host=null, port=null, username=null, password=null}}, connectionPoolSettings=ConnectionPoolSettings{maxSize=100, minSize=0, maxWaitTimeMS=120000, maxConnectionLifeTimeMS=0, maxConnectionIdleTimeMS=0, maintenanceInitialDelayMS=0, maintenanceFrequencyMS=60000, connectionPoolListeners=[], maxConnecting=2}, serverSettings=ServerSettings{heartbeatFrequencyMS=10000, minHeartbeatFrequencyMS=500, serverListeners='[]', serverMonitorListeners='[]'}, sslSettings=SslSettings{enabled=true, invalidHostNameAllowed=false, context=null}, applicationName='null', compressorList=[], uuidRepresentation=JAVA_LEGACY, serverApi=null, autoEncryptionSettings=null, dnsClient=null, inetAddressResolver=null, contextProvider=null}
2024-04-20T04:17:30.366-07:00  INFO 25799 --- [FoodAppDemo] [zmz.mongodb.net] org.mongodb.driver.cluster               : Adding discovered server ac-yihqoe0-shard-00-01.lphdzmz.mongodb.net:27017 to client view of cluster
2024-04-20T04:17:30.384-07:00  INFO 25799 --- [FoodAppDemo] [zmz.mongodb.net] org.mongodb.driver.cluster               : Adding discovered server ac-yihqoe0-shard-00-00.lphdzmz.mongodb.net:27017 to client view of cluster
2024-04-20T04:17:30.386-07:00  INFO 25799 --- [FoodAppDemo] [zmz.mongodb.net] org.mongodb.driver.cluster               : Adding discovered server ac-yihqoe0-shard-00-02.lphdzmz.mongodb.net:27017 to client view of cluster
2024-04-20T04:17:30.982-07:00  INFO 25799 --- [FoodAppDemo] [ngodb.net:27017] org.mongodb.driver.cluster               : Monitor thread successfully connected to server with description ServerDescription{address=ac-yihqoe0-shard-00-02.lphdzmz.mongodb.net:27017, type=REPLICA_SET_PRIMARY, state=CONNECTED, ok=true, minWireVersion=0, maxWireVersion=21, maxDocumentSize=16777216, logicalSessionTimeoutMinutes=30, roundTripTimeNanos=376465709, setName='atlas-9aj3w0-shard-0', canonicalAddress=ac-yihqoe0-shard-00-02.lphdzmz.mongodb.net:27017, hosts=[ac-yihqoe0-shard-00-02.lphdzmz.mongodb.net:27017, ac-yihqoe0-shard-00-00.lphdzmz.mongodb.net:27017, ac-yihqoe0-shard-00-01.lphdzmz.mongodb.net:27017], passives=[], arbiters=[], primary='ac-yihqoe0-shard-00-02.lphdzmz.mongodb.net:27017', tagSet=TagSet{[Tag{name='availabilityZone', value='us-central1-f'}, Tag{name='diskState', value='READY'}, Tag{name='nodeType', value='ELECTABLE'}, Tag{name='provider', value='GCP'}, Tag{name='region', value='CENTRAL_US'}, Tag{name='workloadType', value='OPERATIONAL'}]}, electionId=7fffffff000000000000030d, setVersion=76, topologyVersion=TopologyVersion{processId=6622b3a3bb634ccdece2c1af, counter=9}, lastWriteDate=Sat Apr 20 04:17:30 PDT 2024, lastUpdateTimeNanos=89148282664916}
2024-04-20T04:17:30.982-07:00  INFO 25799 --- [FoodAppDemo] [ngodb.net:27017] org.mongodb.driver.cluster               : Monitor thread successfully connected to server with description ServerDescription{address=ac-yihqoe0-shard-00-00.lphdzmz.mongodb.net:27017, type=REPLICA_SET_SECONDARY, state=CONNECTED, ok=true, minWireVersion=0, maxWireVersion=21, maxDocumentSize=16777216, logicalSessionTimeoutMinutes=30, roundTripTimeNanos=376469834, setName='atlas-9aj3w0-shard-0', canonicalAddress=ac-yihqoe0-shard-00-00.lphdzmz.mongodb.net:27017, hosts=[ac-yihqoe0-shard-00-02.lphdzmz.mongodb.net:27017, ac-yihqoe0-shard-00-00.lphdzmz.mongodb.net:27017, ac-yihqoe0-shard-00-01.lphdzmz.mongodb.net:27017], passives=[], arbiters=[], primary='ac-yihqoe0-shard-00-02.lphdzmz.mongodb.net:27017', tagSet=TagSet{[Tag{name='availabilityZone', value='us-central1-b'}, Tag{name='diskState', value='READY'}, Tag{name='nodeType', value='ELECTABLE'}, Tag{name='provider', value='GCP'}, Tag{name='region', value='CENTRAL_US'}, Tag{name='workloadType', value='OPERATIONAL'}]}, electionId=null, setVersion=76, topologyVersion=TopologyVersion{processId=6622b4c3ba76be272168a624, counter=5}, lastWriteDate=Sat Apr 20 04:17:30 PDT 2024, lastUpdateTimeNanos=89148282664916}
2024-04-20T04:17:30.982-07:00  INFO 25799 --- [FoodAppDemo] [ngodb.net:27017] org.mongodb.driver.cluster               : Monitor thread successfully connected to server with description ServerDescription{address=ac-yihqoe0-shard-00-01.lphdzmz.mongodb.net:27017, type=REPLICA_SET_SECONDARY, state=CONNECTED, ok=true, minWireVersion=0, maxWireVersion=21, maxDocumentSize=16777216, logicalSessionTimeoutMinutes=30, roundTripTimeNanos=376592792, setName='atlas-9aj3w0-shard-0', canonicalAddress=ac-yihqoe0-shard-00-01.lphdzmz.mongodb.net:27017, hosts=[ac-yihqoe0-shard-00-02.lphdzmz.mongodb.net:27017, ac-yihqoe0-shard-00-00.lphdzmz.mongodb.net:27017, ac-yihqoe0-shard-00-01.lphdzmz.mongodb.net:27017], passives=[], arbiters=[], primary='ac-yihqoe0-shard-00-02.lphdzmz.mongodb.net:27017', tagSet=TagSet{[Tag{name='availabilityZone', value='us-central1-c'}, Tag{name='diskState', value='READY'}, Tag{name='nodeType', value='ELECTABLE'}, Tag{name='provider', value='GCP'}, Tag{name='region', value='CENTRAL_US'}, Tag{name='workloadType', value='OPERATIONAL'}]}, electionId=null, setVersion=76, topologyVersion=TopologyVersion{processId=6622b621baf5594168b94e57, counter=5}, lastWriteDate=Sat Apr 20 04:17:30 PDT 2024, lastUpdateTimeNanos=89148282782041}
2024-04-20T04:17:30.984-07:00  INFO 25799 --- [FoodAppDemo] [ngodb.net:27017] org.mongodb.driver.cluster               : Discovered replica set primary ac-yihqoe0-shard-00-02.lphdzmz.mongodb.net:27017 with max election id 7fffffff000000000000030d and max set version 76
2024-04-20T04:17:31.157-07:00  INFO 25799 --- [FoodAppDemo] [           main] i.l.F.FoodAppDemoApplicationTests        : Started FoodAppDemoApplicationTests in 1.947 seconds (process running for 3.317)
]]></system-out>
    <system-err><![CDATA[WARNING: A Java agent has been loaded dynamically (/Users/zhaoxiaofeng/.m2/repository/net/bytebuddy/byte-buddy-agent/1.14.12/byte-buddy-agent-1.14.12.jar)
WARNING: If a serviceability tool is in use, please run with -XX:+EnableDynamicAgentLoading to hide this warning
WARNING: If a serviceability tool is not in use, please run with -Djdk.instrument.traceUsage for more information
WARNING: Dynamic loading of agents will be disallowed by default in a future release
]]></system-err>
  </testcase>
</testsuite>